
Circuit 1 cell sky130_fd_pr__res_xhigh_po_0p35 and Circuit 2 cell sky130_fd_pr__res_xhigh_po_0p35 are black boxes.
Warning: Equate pins:  cell sky130_fd_pr__res_xhigh_po_0p35 is a placeholder, treated as a black box.
Warning: Equate pins:  cell sky130_fd_pr__res_xhigh_po_0p35 is a placeholder, treated as a black box.

Subcircuit pins:
Circuit 1: sky130_fd_pr__res_xhigh_po_0p35 |Circuit 2: sky130_fd_pr__res_xhigh_po_0p35 
-------------------------------------------|-------------------------------------------
1                                          |1                                          
2                                          |2                                          
3                                          |3                                          
---------------------------------------------------------------------------------------
Cell pin lists are equivalent.
Device classes sky130_fd_pr__res_xhigh_po_0p35 and sky130_fd_pr__res_xhigh_po_0p35 are equivalent.

Circuit 1 cell sky130_fd_pr__nfet_01v8 and Circuit 2 cell sky130_fd_pr__nfet_01v8 are black boxes.
Warning: Equate pins:  cell sky130_fd_pr__nfet_01v8 is a placeholder, treated as a black box.
Warning: Equate pins:  cell sky130_fd_pr__nfet_01v8 is a placeholder, treated as a black box.

Subcircuit pins:
Circuit 1: sky130_fd_pr__nfet_01v8         |Circuit 2: sky130_fd_pr__nfet_01v8         
-------------------------------------------|-------------------------------------------
1                                          |1                                          
2                                          |2                                          
3                                          |3                                          
4                                          |4                                          
---------------------------------------------------------------------------------------
Cell pin lists are equivalent.
Device classes sky130_fd_pr__nfet_01v8 and sky130_fd_pr__nfet_01v8 are equivalent.
Flattening unmatched subcell sky130_fd_pr__res_xhigh_po_0p35_4SYHMP in circuit cs_amplifier (0)(1 instance)
Flattening unmatched subcell sky130_fd_pr__nfet_01v8_4H4H2H in circuit cs_amplifier (0)(1 instance)

Class cs_amplifier (0):  Merged 9 parallel devices.
Subcircuit summary:
Circuit 1: cs_amplifier                    |Circuit 2: cs_amplifier                    
-------------------------------------------|-------------------------------------------
sky130_fd_pr__res_xhigh_po_0p35 (1)        |sky130_fd_pr__res_xhigh_po_0p35 (1)        
sky130_fd_pr__nfet_01v8 (10->1)            |sky130_fd_pr__nfet_01v8 (1)                
Number of devices: 2                       |Number of devices: 2                       
Number of nets: 4                          |Number of nets: 4                          
---------------------------------------------------------------------------------------
Netlists match uniquely with property errors.
sky130_fd_pr__res_xhigh_po_0p35_4SYHMP:XR1/sky130_fd_pr__res_xhigh_po_0p35:0 vs. sky130_fd_pr__res_xhigh_po_0p35:R1:
 l circuit1: 0.5   circuit2: 0.175   (delta=96.3%, cutoff=1%)

Subcircuit pins:
Circuit 1: cs_amplifier                    |Circuit 2: cs_amplifier                    
-------------------------------------------|-------------------------------------------
input                                      |input                                      
vdd                                        |vdd                                        
gnd                                        |gnd                                        
output                                     |output                                     
---------------------------------------------------------------------------------------
Cell pin lists are equivalent.
Device classes cs_amplifier and cs_amplifier are equivalent.

Final result: Circuits match uniquely.
Property errors were found.

The following cells had property errors:
 cs_amplifier
