
Circuit 1 cell sky130_fd_pr__nfet_01v8 and Circuit 2 cell sky130_fd_pr__nfet_01v8 are black boxes.
Warning: Equate pins:  cell sky130_fd_pr__nfet_01v8 is a placeholder, treated as a black box.
Warning: Equate pins:  cell sky130_fd_pr__nfet_01v8 is a placeholder, treated as a black box.

Subcircuit pins:
Circuit 1: sky130_fd_pr__nfet_01v8         |Circuit 2: sky130_fd_pr__nfet_01v8         
-------------------------------------------|-------------------------------------------
1                                          |1                                          
2                                          |2                                          
3                                          |3                                          
4                                          |4                                          
---------------------------------------------------------------------------------------
Cell pin lists are equivalent.
Device classes sky130_fd_pr__nfet_01v8 and sky130_fd_pr__nfet_01v8 are equivalent.
Flattening unmatched subcell sky130_fd_pr__res_generic_po_XJGAA7 in circuit Diffamp (0)(2 instances)
Flattening unmatched subcell sky130_fd_pr__nfet_01v8_4H4H2H in circuit Diffamp (0)(3 instances)

Class Diffamp (0):  Merged 27 parallel devices.
Subcircuit summary:
Circuit 1: Diffamp                         |Circuit 2: Diffamp                         
-------------------------------------------|-------------------------------------------
sky130_fd_pr__res_generic_po (2)           |sky130_fd_pr__res_generic_po (2)           
sky130_fd_pr__nfet_01v8 (30->3)            |sky130_fd_pr__nfet_01v8 (3)                
Number of devices: 5                       |Number of devices: 5                       
Number of nets: 8                          |Number of nets: 8                          
---------------------------------------------------------------------------------------
Resolving symmetries by property value.
Resolving symmetries by pin name.
Netlists match uniquely.

Subcircuit pins:
Circuit 1: Diffamp                         |Circuit 2: Diffamp                         
-------------------------------------------|-------------------------------------------
vss                                        |vss                                        
inp2                                       |inp2                                       
inp1                                       |inp1                                       
vbias                                      |vbias                                      
out2                                       |out2                                       
out1                                       |out1                                       
vdd                                        |vdd                                        
---------------------------------------------------------------------------------------
Cell pin lists are equivalent.
Device classes Diffamp and Diffamp are equivalent.

Final result: Circuits match uniquely.
.
